Gas Station refuelling
Car 0 arriving at gas station at 87.0
Car 0 finished refueling in 18.5 seconds.
Car 1 arriving at gas station at 129.0
Car 1 finished refueling in 19.0 seconds.
Car 2 arriving at gas station at 284.0
Car 2 finished refueling in 21.0 seconds.
Car 3 arriving at gas station at 385.0
Car 3 finished refueling in 13.5 seconds.
Car 4 arriving at gas station at 459.0
Calling tank truck at 460
Car 4 finished refueling in 22.0 seconds.
Car 5 arriving at gas station at 705.0
Car 6 arriving at gas station at 750.0
Tank truck arriving at time 760
Tank truck refuelling 188.0 liters.
Car 6 finished refueling in 29.0 seconds.
Car 5 finished refueling in 76.5 seconds.
Car 7 arriving at gas station at 891.0
Car 7 finished refueling in 13.0 seconds.
